<?xml version="1.0" encoding="UTF-8"?>
<testng-results ignored="0" total="1" passed="1" failed="0" skipped="0">
  <reporter-output>
  </reporter-output>
  <suite started-at="2022-03-16T15:15:43 AMT" name="Command line suite" finished-at="2022-03-16T15:16:06 AMT" duration-ms="22801">
    <groups>
    </groups>
    <test started-at="2022-03-16T15:15:43 AMT" name="Command line test" finished-at="2022-03-16T15:16:06 AMT" duration-ms="22801">
      <class name="outlook_automation.OutlookActivation">
        <test-method is-config="true" signature="setup()[pri:0, instance:outlook_automation.OutlookActivation@1d16f93d]" started-at="2022-03-16T15:15:43 AMT" name="setup" finished-at="2022-03-16T15:16:06 AMT" duration-ms="22526" status="PASS">
          <reporter-output>
          </reporter-output>
        </test-method> <!-- setup -->
        <test-method signature="closeWindows()[pri:0, instance:outlook_automation.OutlookActivation@1d16f93d]" started-at="2022-03-16T15:16:06 AMT" name="closeWindows" finished-at="2022-03-16T15:16:06 AMT" duration-ms="1" status="PASS">
          <reporter-output>
          </reporter-output>
        </test-method> <!-- closeWindows -->
        <test-method is-config="true" signature="tearDown()[pri:0, instance:outlook_automation.OutlookActivation@1d16f93d]" started-at="2022-03-16T15:16:06 AMT" name="tearDown" finished-at="2022-03-16T15:16:06 AMT" duration-ms="228" status="PASS">
          <reporter-output>
          </reporter-output>
        </test-method> <!-- tearDown -->
      </class> <!-- outlook_automation.OutlookActivation -->
    </test> <!-- Command line test -->
  </suite> <!-- Command line suite -->
</testng-results>
